docs/src/easypackx/uniappx-native-android/iboxs-Nfc/build/intermediates/manifest_merge_blame_file/debug/processDebugManifest/manifest-merger-blame-debug-report.txt
1<?xml version="1.0" encoding="utf-8"?>
2<manifest xmlns:android="http://schemas.android.com/apk/res/android"
3    xmlns:tools="http://schemas.android.com/tools"
4    package="uts.sdk.modules.iboxsNfc" >
5
6    <uses-sdk android:minSdkVersion="21" />
7
8    <uses-permission android:name="android.permission.CAMERA" />
8-->src\main\AndroidManifest.xml:3:5-64
8-->src\main\AndroidManifest.xml:3:22-62
9    <uses-permission android:name="android.permission.FLASHLIGHT" />
9-->src\main\AndroidManifest.xml:4:5-68
9-->src\main\AndroidManifest.xml:4:22-66
10    <uses-permission android:name="android.permission.READ_MEDIA_IMAGES" />
10-->src\main\AndroidManifest.xml:5:5-75
10-->src\main\AndroidManifest.xml:5:22-73
11    <uses-permission android:name="android.permission.NFC" />
11-->src\main\AndroidManifest.xml:6:5-61
11-->src\main\AndroidManifest.xml:6:22-59
12
13    <uses-feature
13-->src\main\AndroidManifest.xml:7:5-81
14        android:name="android.hardware.nfc"
14-->src\main\AndroidManifest.xml:7:19-54
15        android:required="false" />
15-->src\main\AndroidManifest.xml:7:55-79
16
17    <application
17-->src\main\AndroidManifest.xml:8:5-10:19
18        android:allowBackup="true"
18-->src\main\AndroidManifest.xml:8:18-44
19        android:supportsRtl="true" >
19-->src\main\AndroidManifest.xml:8:45-71
20        <activity android:name="com.itgz8.scannfc.NFCScanningActivity" />
20-->src\main\AndroidManifest.xml:9:9-73
20-->src\main\AndroidManifest.xml:9:19-71
21    </application>
22
23</manifest>